<?xml version="1.0" encoding="UTF-8"?>
<!-- Generated by org.testng.reporters.JUnitReportReporter -->
<testsuite name="LetsTrySelenium.Rainbow_Selenium_framework.RainbowHomePage.TCC00VerifyAddcCard" tests="2" time="27.051" ignored="0" failures="0" timestamp="08 Nov 2017 06:40:36 GMT" skipped="0" hostname="ZIPLSY1664" errors="0">
  <testcase name="TCC00VerifyAddcCard" time="14.671" classname="LetsTrySelenium.Rainbow_Selenium_framework.RainbowHomePage.TCC00VerifyAddcCard"/>
  <testcase name="TCC00VerifyAddcCard" time="12.380" classname="LetsTrySelenium.Rainbow_Selenium_framework.RainbowHomePage.TCC00VerifyAddcCard"/>
</testsuite> <!-- LetsTrySelenium.Rainbow_Selenium_framework.RainbowHomePage.TCC00VerifyAddcCard -->
